number,value,datetime_start,datetime_complete,duration,params_base,params_batch_size,params_dropout,params_emb_dim,params_lam_l1,params_lr_d,params_lr_g,system_attrs_fixed_params,state
0,0.3486987426877022,2026-10-03 17:21:22.630053,2026-10-03 17:23:42.194089,0 days 00:02:19.564036,64,16,0.3,16,100.0,0.0002,0.0002,"{'lr_g': 0.0002, 'lr_d': 0.0002, 'batch_size': 16, 'base': 64, 'dropout': 0.3, 'emb_dim': 16, 'lam_l1': 100}",COMPLETE
1,0.38497796654701233,2026-10-03 17:23:42.217802,2026-10-03 17:26:27.331061,0 days 00:02:45.113259,64,8,0.3005575058716044,32,121.06896936002164,0.0008927180304353628,0.00023688639503640813,,COMPLETE
2,0.34323781728744507,2026-10-03 17:26:27.350580,2026-10-03 17:28:50.427740,0 days 00:02:23.077160,64,32,0.06974693032602092,32,105.0842133869176,0.0001519934830130982,0.00016305687346221485,,COMPLETE
3,0.31712938100099564,2026-10-03 17:28:50.443933,2026-10-03 17:31:00.257083,0 days 00:02:09.813150,64,32,0.4828160165372797,8,77.66184280392886,0.00032676417657817656,0.0001583703155911876,,COMPLETE
4,0.3382333442568779,2026-10-03 17:31:00.274440,2026-10-03 17:32:16.851732,0 days 00:01:16.577292,48,32,0.2600340105889054,32,101.96967939171478,0.00013244581340099356,0.00027551959649510803,,PRUNED
5,0.28923314064741135,2026-10-03 17:32:16.866070,2026-10-03 17:33:30.945745,0 days 00:01:14.079675,64,16,0.194338644844741,16,23.200867504756822,0.0007849235338159361,0.0008699593128513321,,PRUNED
6,0.24087679386138916,2026-10-03 17:33:30.959931,2026-10-03 17:33:57.239251,0 days 00:00:26.279320,32,32,0.4077307142274171,32,12.483440997339653,0.00013833249975219982,0.0003488960745139223,,PRUNED
7,0.2731020897626877,2026-10-03 17:33:57.253042,2026-10-03 17:34:56.978486,0 days 00:00:59.725444,64,8,0.36480308916903204,16,14.308552498147842,0.00013057771348997234,0.0002282788775990514,,PRUNED
8,0.3026246279478073,2026-10-03 17:34:56.993570,2026-10-03 17:35:22.364603,0 days 00:00:25.371033,32,16,0.053945713496652226,16,45.884470473124296,0.0005764810670114667,0.0005167075260023275,,PRUNED
9,0.29622893780469894,2026-10-03 17:35:22.379665,2026-10-03 17:36:11.806209,0 days 00:00:49.426544,48,16,0.46484882617128653,32,111.07120377605905,0.00017753837036522268,0.0008082886378162036,,PRUNED
