number,value,datetime_start,datetime_complete,duration,params_alpha,params_base,params_batch_size,params_bottleneck,params_dropout,params_lr,system_attrs_tpe:relative_params:0,state
0,0.807903778553009,2026-10-03 08:16:20.961295,2026-10-03 08:16:46.712132,0 days 00:00:25.750837,0.9364594334728974,16,32,128,0.006175348288740734,0.0003574712922600243,,COMPLETE
1,0.784672600030899,2026-10-03 08:16:46.734137,2026-10-03 08:17:14.678039,0 days 00:00:27.943902,0.6648628294821612,32,32,256,0.08764339456056544,0.0016967533607196547,,COMPLETE
2,0.8072348713874817,2026-10-03 08:17:14.694290,2026-10-03 08:17:55.391801,0 days 00:00:40.697511,0.8637788066524075,48,32,512,0.2896896099223678,0.000471705203762518,,COMPLETE
3,0.653947401046753,2026-10-03 08:17:55.408455,2026-10-03 08:18:17.107406,0 days 00:00:21.698951,0.7340306095300149,16,64,256,0.09351332282682329,0.00028180680291847244,,COMPLETE
4,0.6431306898593903,2026-10-03 08:18:17.123332,2026-10-03 08:18:29.979694,0 days 00:00:12.856362,0.646398648843469,16,64,128,0.01356818667316142,0.000642033033629786,,PRUNED
5,0.6091969609260559,2026-10-03 08:18:29.993706,2026-10-03 08:18:49.898317,0 days 00:00:19.904611,0.5894220566903776,48,64,256,0.23167343078899721,0.00037507963596256056,,PRUNED
6,0.6083884716033936,2026-10-03 08:18:49.912367,2026-10-03 08:19:05.688917,0 days 00:00:15.776550,0.5286012576287107,32,32,128,0.09926940745579475,0.0001018959297939515,,PRUNED
7,0.6390572726726532,2026-10-03 08:19:05.704458,2026-10-03 08:19:21.375793,0 days 00:00:15.671335,0.7222080183639759,32,64,128,0.2312901539863683,0.0002879775265707035,,PRUNED
8,0.8066873610019684,2026-10-03 08:19:21.389636,2026-10-03 08:19:51.162541,0 days 00:00:29.772905,0.8399980123443719,32,32,256,0.12311487691068891,0.0005917520523090669,,COMPLETE
9,0.5959758698940277,2026-10-03 08:19:51.179110,2026-10-03 08:20:04.365300,0 days 00:00:13.186190,0.7427040088620428,16,64,128,0.2677676995469933,0.00021775224101934097,,PRUNED
10,0.7197985410690307,2026-10-03 08:20:04.379106,2026-10-03 08:20:18.625697,0 days 00:00:14.246591,0.9057891775997897,16,32,512,0.002264195794887902,0.00016784983404258434,"{""alpha"": 0.9057891775997897, ""base"": 16, ""batch_size"": 32, ""bottleneck"": 512, ""dropout"": 0.002264195794887902, ""lr"": 0.00016784983404258434}",PRUNED
11,0.7436642229557038,2026-10-03 08:20:18.640025,2026-10-03 08:20:32.168971,0 days 00:00:13.528946,0.8949682122529785,16,32,128,0.14027792837914907,0.0006358829468505831,"{""alpha"": 0.8949682122529785, ""base"": 16, ""batch_size"": 32, ""bottleneck"": 128, ""dropout"": 0.14027792837914907, ""lr"": 0.0006358829468505831}",PRUNED
12,0.7751970171928406,2026-10-03 08:20:32.184034,2026-10-03 08:21:01.113893,0 days 00:00:28.929859,0.9352076309287239,48,32,512,0.2905608319747264,0.0002397107334373267,"{""alpha"": 0.9352076309287239, ""base"": 48, ""batch_size"": 32, ""bottleneck"": 512, ""dropout"": 0.2905608319747264, ""lr"": 0.0002397107334373267}",PRUNED
13,0.7092298448085785,2026-10-03 08:21:01.128450,2026-10-03 08:21:22.263703,0 days 00:00:21.135253,0.821145089904407,48,32,512,0.09549087170039382,0.000380276737692394,"{""alpha"": 0.821145089904407, ""base"": 48, ""batch_size"": 32, ""bottleneck"": 512, ""dropout"": 0.09549087170039382, ""lr"": 0.000380276737692394}",PRUNED
14,0.6827383577823639,2026-10-03 08:21:22.278218,2026-10-03 08:21:43.164344,0 days 00:00:20.886126,0.8087413908753889,48,32,512,0.25859763908273903,0.0004082309003895714,"{""alpha"": 0.8087413908753889, ""base"": 48, ""batch_size"": 32, ""bottleneck"": 512, ""dropout"": 0.25859763908273903, ""lr"": 0.0004082309003895714}",PRUNED
