number,value,datetime_start,datetime_complete,duration,params_alpha,params_base,params_batch_size,params_bottleneck,params_dropout,params_lr,system_attrs_tpe:relative_params:0,state
0,0.8487252771854401,2026-10-03 08:25:35.208202,2026-10-03 08:26:34.663184,0 days 00:00:59.454982,0.8745991883601898,32,32,2048,0.29097295564859826,0.0003574712922600243,,COMPLETE
1,0.7588652729988098,2026-10-03 08:26:34.684494,2026-10-03 08:27:47.574169,0 days 00:01:12.889675,0.8533291826268561,48,128,2048,0.13682099526511077,0.00020589728197687926,,COMPLETE
2,0.7586084187030793,2026-10-03 08:27:47.591092,2026-10-03 08:28:23.317703,0 days 00:00:35.726611,0.8079048619304705,16,64,2048,0.029301634201915158,0.00019721610970574026,,COMPLETE
3,0.7448416769504547,2026-10-03 08:28:23.334763,2026-10-03 08:29:04.061923,0 days 00:00:40.727160,0.8488097705125015,32,64,256,0.29087538832936755,0.00044684675025045853,,COMPLETE
4,0.6284244894981384,2026-10-03 08:29:04.078863,2026-10-03 08:30:16.123368,0 days 00:01:12.044505,0.6264205293593214,48,128,2048,0.10702599800807679,0.002442046084491142,,COMPLETE
5,0.6156408131122589,2026-10-03 08:30:16.140162,2026-10-03 08:30:35.418518,0 days 00:00:19.278356,0.5333200932803407,16,64,256,0.2313811040057837,0.000633326877532184,,PRUNED
6,0.6487235605716706,2026-10-03 08:30:35.432852,2026-10-03 08:31:07.653503,0 days 00:00:32.220651,0.5538174106722358,48,64,256,0.14166447754858477,0.00033845220412011414,,PRUNED
7,0.622034341096878,2026-10-03 08:31:07.667126,2026-10-03 08:31:42.263825,0 days 00:00:34.596699,0.7288568110241163,48,128,512,0.094306794322898,0.001131225105716033,,PRUNED
8,0.6441562712192536,2026-10-03 08:31:42.278361,2026-10-03 08:32:01.638813,0 days 00:00:19.360452,0.8616524346046015,16,128,1024,0.2614381770563153,0.0021907142272152816,,PRUNED
9,0.8445568025112152,2026-10-03 08:32:01.653932,2026-10-03 08:33:01.379446,0 days 00:00:59.725514,0.7298362861599046,48,32,256,0.002085639159357211,0.00018861950443028856,,COMPLETE
10,0.823959904909134,2026-10-03 08:33:01.395876,2026-10-03 08:34:00.779588,0 days 00:00:59.383712,0.593549313311796,32,32,2048,0.11527481526415143,0.0010100795364155215,"{""alpha"": 0.593549313311796, ""base"": 32, ""batch_size"": 32, ""bottleneck"": 2048, ""dropout"": 0.11527481526415143, ""lr"": 0.0010100795364155215}",COMPLETE
11,0.855331689119339,2026-10-03 08:34:00.795873,2026-10-03 08:35:00.212773,0 days 00:00:59.416900,0.8359150784100746,48,32,256,0.032412133163822306,0.00013544637014011553,"{""alpha"": 0.8359150784100746, ""base"": 48, ""batch_size"": 32, ""bottleneck"": 256, ""dropout"": 0.032412133163822306, ""lr"": 0.00013544637014011553}",COMPLETE
12,0.8237163960933686,2026-10-03 08:35:00.233057,2026-10-03 08:35:59.683096,0 days 00:00:59.450039,0.8816272685671713,32,32,2048,0.05013634679439316,0.0005249257852327166,"{""alpha"": 0.8816272685671713, ""base"": 32, ""batch_size"": 32, ""bottleneck"": 2048, ""dropout"": 0.05013634679439316, ""lr"": 0.0005249257852327166}",COMPLETE
13,0.7424524843692779,2026-10-03 08:35:59.699591,2026-10-03 08:36:32.731223,0 days 00:00:33.031632,0.7796876791180196,48,32,256,0.2572918679080606,0.0001218606611740202,"{""alpha"": 0.7796876791180196, ""base"": 48, ""batch_size"": 32, ""bottleneck"": 256, ""dropout"": 0.2572918679080606, ""lr"": 0.0001218606611740202}",PRUNED
14,0.8420996963977814,2026-10-03 08:36:32.745869,2026-10-03 08:37:15.923695,0 days 00:00:43.177826,0.8856635789082844,32,32,256,0.19228208620039075,0.00028187752942192203,"{""alpha"": 0.8856635789082844, ""base"": 32, ""batch_size"": 32, ""bottleneck"": 256, ""dropout"": 0.19228208620039075, ""lr"": 0.00028187752942192203}",COMPLETE
15,0.8611809551715851,2026-10-03 08:37:15.940571,2026-10-03 08:38:15.514000,0 days 00:00:59.573429,0.7487533447896403,32,32,2048,0.1972896374568053,0.00019125571769167387,"{""alpha"": 0.7487533447896403, ""base"": 32, ""batch_size"": 32, ""bottleneck"": 2048, ""dropout"": 0.1972896374568053, ""lr"": 0.00019125571769167387}",COMPLETE
16,0.7693054378032684,2026-10-03 08:38:15.533072,2026-10-03 08:38:48.963524,0 days 00:00:33.430452,0.8970116473250599,48,32,256,0.08234549198474425,0.00010238629336134751,"{""alpha"": 0.8970116473250599, ""base"": 48, ""batch_size"": 32, ""bottleneck"": 256, ""dropout"": 0.08234549198474425, ""lr"": 0.00010238629336134751}",PRUNED
17,0.7716749310493469,2026-10-03 08:38:48.977359,2026-10-03 08:39:22.632115,0 days 00:00:33.654756,0.7043374437346945,32,32,2048,0.26908424576508505,0.0003202779536186958,"{""alpha"": 0.7043374437346945, ""base"": 32, ""batch_size"": 32, ""bottleneck"": 2048, ""dropout"": 0.26908424576508505, ""lr"": 0.0003202779536186958}",PRUNED
18,0.7523282587528228,2026-10-03 08:39:22.647239,2026-10-03 08:39:47.841363,0 days 00:00:25.194124,0.7447098150978442,32,32,256,0.11912032750981519,0.00019864149792392477,"{""alpha"": 0.7447098150978442, ""base"": 32, ""batch_size"": 32, ""bottleneck"": 256, ""dropout"": 0.11912032750981519, ""lr"": 0.00019864149792392477}",PRUNED
19,0.8536794543266296,2026-10-03 08:39:47.856556,2026-10-03 08:40:48.472301,0 days 00:01:00.615745,0.8290322266466673,48,32,256,0.027950588989617997,0.00016946576297717267,"{""alpha"": 0.8290322266466673, ""base"": 48, ""batch_size"": 32, ""bottleneck"": 256, ""dropout"": 0.027950588989617997, ""lr"": 0.00016946576297717267}",COMPLETE
